<?xml version="1.0" encoding="UTF-8"?>
<testng-results skipped="0" failed="0" ignored="0" total="1" passed="1">
  <reporter-output>
  </reporter-output>
  <suite name="Default suite" duration-ms="43675" started-at="2020-02-25T08:40:07 IST" finished-at="2020-02-25T08:40:51 IST">
    <groups>
    </groups>
    <test name="Default test" duration-ms="43675" started-at="2020-02-25T08:40:07 IST" finished-at="2020-02-25T08:40:51 IST">
      <class name="com.training.sanity.tests.CourseTest">
        <test-method status="PASS" signature="setUpBeforeClass()[pri:0, instance:com.training.sanity.tests.CourseTest@4973813a]" name="setUpBeforeClass" is-config="true" duration-ms="19602" started-at="2020-02-25T08:40:07 IST" finished-at="2020-02-25T08:40:27 IST">
          <reporter-output>
          </reporter-output>
        </test-method> <!-- setUpBeforeClass -->
        <test-method status="PASS" signature="CourseTest()[pri:0, instance:com.training.sanity.tests.CourseTest@4973813a]" name="CourseTest" duration-ms="24040" started-at="2020-02-25T08:40:27 IST" finished-at="2020-02-25T08:40:51 IST">
          <reporter-output>
          </reporter-output>
        </test-method> <!-- CourseTest -->
      </class> <!-- com.training.sanity.tests.CourseTest -->
    </test> <!-- Default test -->
  </suite> <!-- Default suite -->
</testng-results>
